<?xml version="1.0" encoding="UTF-8"?>
<!-- Generated by org.testng.reporters.JUnitReportReporter -->
<testsuite name="testngFiles.Annotations" tests="2" time="0.024" ignored="0" failures="0" timestamp="20 May 2018 18:19:39 GMT" skipped="0" hostname="DESKTOP-C4HLMA1" errors="0">
  <testcase name="OpeningBrowser" time="0.006" classname="testngFiles.Annotations"/>
  <testcase name="FlightBooking" time="0.018" classname="testngFiles.Annotations"/>
</testsuite> <!-- testngFiles.Annotations -->
