<?xml version="1.0" encoding="UTF-8"?>
<!-- Generated by org.testng.reporters.JUnitReportReporter -->
<testsuite skipped="0" hostname="DESKTOP-C4HLMA1" name="extentreports.Test2" tests="1" failures="0" timestamp="08 Aug 2018 02:00:55 GMT" time="0.008" errors="0">
  <testcase name="testMethod" time="0.008" classname="extentreports.Test2"/>
</testsuite> <!-- extentreports.Test2 -->
