<?xml version="1.0" encoding="UTF-8"?>
<!-- Generated by org.testng.reporters.JUnitReportReporter -->
<testsuite skipped="0" hostname="DESKTOP-C4HLMA1" name="datadriven.UsingExcel" tests="2" failures="0" timestamp="07 Aug 2018 23:53:30 GMT" time="12.213" errors="0">
  <testcase name="testUsingExcel" time="6.036" classname="datadriven.UsingExcel"/>
  <testcase name="testUsingExcel" time="6.177" classname="datadriven.UsingExcel"/>
</testsuite> <!-- datadriven.UsingExcel -->
