<?xml version="1.0" encoding="UTF-8"?>
<!-- Generated by org.testng.reporters.JUnitReportReporter -->
<testsuite name="basics" tests="1" time="4.007" ignored="0" failures="0" timestamp="25 Jun 2018 20:50:25 GMT" skipped="0" hostname="DESKTOP-C4HLMA1" errors="0">
  <testcase name="Test" time="4.007" classname="basics"/>
</testsuite> <!-- basics -->
